job_id: f79fad32-6552-4323-aab0-1f59a64374d0
time: 2026-06-13 12:32:18 UTC
source: colab
step_key: tracking_remote
========================================================================
HTTPError: 503 Server Error: Service Unavailable for url: https://angelfish-fable-possum.ngrok-free.dev/api/track/status/0ecbec6f-bbae-4e17-9127-772182cf3167
Traceback (most recent call last):
  File "C:\Users\phuon\Documents\DATN\football_analysis\api\main_api.py", line 238, in _run_job_with_optional_colab
    fetch_colab_tracking_stub(
    ~~~~~~~~~~~~~~~~~~~~~~~~~^
        video_path,
        ^^^^^^^^^^^
    ...<2 lines>...
        on_progress=_on_colab_progress,
        ^^^^^^^^^^^^^^^^^^^^^^^^^^^^^^^
    )
    ^
  File "C:\Users\phuon\Documents\DATN\football_analysis\api\colab_tracking_client.py", line 183, in fetch_colab_tracking_stub
    status_resp.raise_for_status()
    ~~~~~~~~~~~~~~~~~~~~~~~~~~~~^^
  File "C:\Users\phuon\AppData\Local\Programs\Python\Python314\Lib\site-packages\requests\models.py", line 1028, in raise_for_status
    raise HTTPError(http_error_msg, response=self)
requests.exceptions.HTTPError: 503 Server Error: Service Unavailable for url: https://angelfish-fable-possum.ngrok-free.dev/api/track/status/0ecbec6f-bbae-4e17-9127-772182cf3167
