job_id: 830759c8-d2ee-41e9-82a0-cae316599d3b
time: 2026-06-26 15:52:19 UTC
source: colab
step_key: tracking_remote
========================================================================
RuntimeError: Ngrok chặn request: This ngrok account has reached its network bandwidth limit for the month. Log into https://dashboard.ngrok.com/billing to view your options.
→ Tài khoản ngrok free đã hết băng thông tháng này.
→ Cách 1: đăng nhập https://dashboard.ngrok.com/billing (nâng cấp hoặc đợi reset).
→ Cách 2: tạo tài khoản ngrok mới, authtoken mới → chạy lại Cell 5 Colab.
→ Cách 3: bỏ COLAB_TRACKING_URL trong .env → tracking chạy CPU trên máy local (chậm).
Traceback (most recent call last):
  File "C:\Users\phuon\Documents\DATN\football_analysis\api\main_api.py", line 249, in _run_job_with_optional_colab
    fetch_colab_tracking_stub(
    ~~~~~~~~~~~~~~~~~~~~~~~~~^
        video_path,
        ^^^^^^^^^^^
    ...<2 lines>...
        on_progress=_on_colab_progress,
        ^^^^^^^^^^^^^^^^^^^^^^^^^^^^^^^
    )
    ^
  File "C:\Users\phuon\Documents\DATN\football_analysis\api\colab_tracking_client.py", line 111, in fetch_colab_tracking_stub
    _raise_colab_http_error(health, "/api/health")
    ~~~~~~~~~~~~~~~~~~~~~~~^^^^^^^^^^^^^^^^^^^^^^^
  File "C:\Users\phuon\Documents\DATN\football_analysis\api\colab_tracking_client.py", line 60, in _raise_colab_http_error
    raise RuntimeError(
    ...<5 lines>...
    )
RuntimeError: Ngrok chặn request: This ngrok account has reached its network bandwidth limit for the month. Log into https://dashboard.ngrok.com/billing to view your options.
→ Tài khoản ngrok free đã hết băng thông tháng này.
→ Cách 1: đăng nhập https://dashboard.ngrok.com/billing (nâng cấp hoặc đợi reset).
→ Cách 2: tạo tài khoản ngrok mới, authtoken mới → chạy lại Cell 5 Colab.
→ Cách 3: bỏ COLAB_TRACKING_URL trong .env → tracking chạy CPU trên máy local (chậm).
