job_id: 1e414803-86c8-497d-b7b3-bdbcdb7eb6be
time: 2026-06-27 10:01:38 UTC
source: colab
step_key: tracking_remote
========================================================================
RuntimeError: Colab/ngrok offline (The endpoint c44d-34-16-165-170.ngrok-free.app is offline.).
→ Mở lại tab Colab, chạy lại cell server (Cell 5).
→ Copy URL ngrok mới vào .env (COLAB_TRACKING_URL=...).
→ Restart backend: uvicorn api.main_api:app --reload --port 8000
→ Giữ tab Colab mở trong suốt quá trình upload.
Traceback (most recent call last):
  File "c:\Users\phuon\Documents\DATN\football_analysis\api\main_api.py", line 249, in _run_job_with_optional_colab
    fetch_colab_tracking_stub(
    ~~~~~~~~~~~~~~~~~~~~~~~~~^
        video_path,
        ^^^^^^^^^^^
    ...<2 lines>...
        on_progress=_on_colab_progress,
        ^^^^^^^^^^^^^^^^^^^^^^^^^^^^^^^
    )
    ^
  File "c:\Users\phuon\Documents\DATN\football_analysis\api\colab_tracking_client.py", line 111, in fetch_colab_tracking_stub
    _raise_colab_http_error(health, "/api/health")
    ~~~~~~~~~~~~~~~~~~~~~~~^^^^^^^^^^^^^^^^^^^^^^^
  File "c:\Users\phuon\Documents\DATN\football_analysis\api\colab_tracking_client.py", line 68, in _raise_colab_http_error
    raise RuntimeError(
    ...<5 lines>...
    )
RuntimeError: Colab/ngrok offline (The endpoint c44d-34-16-165-170.ngrok-free.app is offline.).
→ Mở lại tab Colab, chạy lại cell server (Cell 5).
→ Copy URL ngrok mới vào .env (COLAB_TRACKING_URL=...).
→ Restart backend: uvicorn api.main_api:app --reload --port 8000
→ Giữ tab Colab mở trong suốt quá trình upload.
