job_id: b3052b2a-5eca-4a97-aa96-df268ea8cdb9
time: 2026-06-27 12:03:44 UTC
source: colab
step_key: tracking_remote
========================================================================
HTTPError: 503 Server Error: Service Unavailable for url: https://565e-34-148-133-227.ngrok-free.app/api/track/status/4410d257-f841-4cfe-9ce5-7ef1a7159265
Traceback (most recent call last):
  File "c:\Users\phuon\Documents\DATN\football_analysis\api\main_api.py", line 340, in _run_job_with_optional_colab
    fetch_colab_tracking_stub(
    ~~~~~~~~~~~~~~~~~~~~~~~~~^
        video_path,
        ^^^^^^^^^^^
    ...<2 lines>...
        on_progress=_on_colab_progress,
        ^^^^^^^^^^^^^^^^^^^^^^^^^^^^^^^
    )
    ^
  File "c:\Users\phuon\Documents\DATN\football_analysis\api\colab_tracking_client.py", line 183, in fetch_colab_tracking_stub
    status_resp.raise_for_status()
    ~~~~~~~~~~~~~~~~~~~~~~~~~~~~^^
  File "C:\Users\phuon\AppData\Local\Programs\Python\Python314\Lib\site-packages\requests\models.py", line 1028, in raise_for_status
    raise HTTPError(http_error_msg, response=self)
requests.exceptions.HTTPError: 503 Server Error: Service Unavailable for url: https://565e-34-148-133-227.ngrok-free.app/api/track/status/4410d257-f841-4cfe-9ce5-7ef1a7159265
